  [1m[36mActiveRecord::SchemaMigration Load (3.7ms)[0m  [1m[34mSELECT "schema_migrations"."version" FROM "schema_migrations" ORDER BY "schema_migrations"."version" ASC /*application='ResearchProject'*/[0m
  [1m[36mActiveRecord::InternalMetadata Load (4.3ms)[0m  [1m[34mSELECT * FROM "ar_internal_metadata" WHERE "ar_internal_metadata"."key" = 'environment' ORDER BY "ar_internal_metadata"."key" ASC LIMIT 1 /*application='ResearchProject'*/[0m
  [1m[36mActiveRecord::SchemaMigration Load (0.3ms)[0m  [1m[34mSELECT "schema_migrations"."version" FROM "schema_migrations" ORDER BY "schema_migrations"."version" ASC /*application='ResearchProject'*/[0m
  [1m[36mActiveRecord::InternalMetadata Load (0.5ms)[0m  [1m[34mSELECT * FROM "ar_internal_metadata" WHERE "ar_internal_metadata"."key" = 'environment' ORDER BY "ar_internal_metadata"."key" ASC LIMIT 1 /*application='ResearchProject'*/[0m
  [1m[36mActiveRecord::SchemaMigration Load (0.5ms)[0m  [1m[34mSELECT "schema_migrations"."version" FROM "schema_migrations" ORDER BY "schema_migrations"."version" ASC /*application='ResearchProject'*/[0m
  [1m[36mActiveRecord::InternalMetadata Load (0.6ms)[0m  [1m[34mSELECT * FROM "ar_internal_metadata" WHERE "ar_internal_metadata"."key" = 'environment' ORDER BY "ar_internal_metadata"."key" ASC LIMIT 1 /*application='ResearchProject'*/[0m
  [1m[35mSQL (0.3ms)[0m  [1m[35mSET search_path TO public /*application='ResearchProject'*/[0m
  [1m[35m (5173.7ms)[0m  [1m[35mDROP DATABASE IF EXISTS "research_project_development" /*application='ResearchProject'*/[0m
  [1m[35mSQL (0.2ms)[0m  [1m[35mSET search_path TO public /*application='ResearchProject'*/[0m
  [1m[35m (800.0ms)[0m  [1m[35mCREATE DATABASE "research_project_development" ENCODING = 'unicode' /*application='ResearchProject'*/[0m
  [1m[35mSQL (0.2ms)[0m  [1m[35mSET search_path TO public /*application='ResearchProject'*/[0m
  [1m[35m (572.2ms)[0m  [1m[35mCREATE DATABASE "research_project_test" ENCODING = 'unicode' /*application='ResearchProject'*/[0m
  [1m[35mSQL (3.2ms)[0m  [1m[35mCREATE EXTENSION IF NOT EXISTS "plpgsql" SCHEMA pg_catalog /*application='ResearchProject'*/[0m
  [1m[35m (1.4ms)[0m  [1m[35mDROP TABLE IF EXISTS "users" CASCADE /*application='ResearchProject'*/[0m
  [1m[35m (44.6ms)[0m  [1m[35mCREATE TABLE "users" ("id" bigserial primary key, "email" character varying DEFAULT '' NOT NULL, "encrypted_password" character varying DEFAULT '' NOT NULL, "reset_password_token" character varying, "reset_password_sent_at" timestamp(6), "remember_created_at" timestamp(6), "created_at" timestamp(6) NOT NULL, "updated_at" timestamp(6) NOT NULL, "role" character varying) /*application='ResearchProject'*/[0m
  [1m[35m (4.9ms)[0m  [1m[35mCREATE UNIQUE INDEX "index_users_on_email" ON "users" ("email") /*application='ResearchProject'*/[0m
  [1m[35m (4.0ms)[0m  [1m[35mCREATE UNIQUE INDEX "index_users_on_reset_password_token" ON "users" ("reset_password_token") /*application='ResearchProject'*/[0m
  [1m[35m (10.5ms)[0m  [1m[35mCREATE TABLE "schema_migrations" ("version" character varying NOT NULL PRIMARY KEY) /*application='ResearchProject'*/[0m
  [1m[36mActiveRecord::SchemaMigration Load (1.9ms)[0m  [1m[34mSELECT "schema_migrations"."version" FROM "schema_migrations" ORDER BY "schema_migrations"."version" ASC /*application='ResearchProject'*/[0m
  [1m[35m (3.9ms)[0m  [1m[32mINSERT INTO "schema_migrations" (version) VALUES (20250612092913) /*application='ResearchProject'*/[0m
  [1m[35m (1.3ms)[0m  [1m[32mINSERT INTO "schema_migrations" (version) VALUES
(20250612070429); /*application='ResearchProject'*/[0m
  [1m[35m (7.9ms)[0m  [1m[35mCREATE TABLE "ar_internal_metadata" ("key" character varying NOT NULL PRIMARY KEY, "value" character varying, "created_at" timestamp(6) NOT NULL, "updated_at" timestamp(6) NOT NULL) /*application='ResearchProject'*/[0m
  [1m[36mActiveRecord::InternalMetadata Load (1.6ms)[0m  [1m[34mSELECT * FROM "ar_internal_metadata" WHERE "ar_internal_metadata"."key" = 'environment' ORDER BY "ar_internal_metadata"."key" ASC LIMIT 1 /*application='ResearchProject'*/[0m
  [1m[36mActiveRecord::InternalMetadata Create (1.8ms)[0m  [1m[32mINSERT INTO "ar_internal_metadata" ("key", "value", "created_at", "updated_at") VALUES ('environment', 'development', '2025-06-12 09:56:43.629860', '2025-06-12 09:56:43.629864') RETURNING "key" /*application='ResearchProject'*/[0m
  [1m[36mActiveRecord::InternalMetadata Load (0.4ms)[0m  [1m[34mSELECT * FROM "ar_internal_metadata" WHERE "ar_internal_metadata"."key" = 'environment' ORDER BY "ar_internal_metadata"."key" ASC LIMIT 1 /*application='ResearchProject'*/[0m
  [1m[36mActiveRecord::InternalMetadata Load (0.7ms)[0m  [1m[34mSELECT * FROM "ar_internal_metadata" WHERE "ar_internal_metadata"."key" = 'schema_sha1' ORDER BY "ar_internal_metadata"."key" ASC LIMIT 1 /*application='ResearchProject'*/[0m
  [1m[36mActiveRecord::InternalMetadata Create (1.1ms)[0m  [1m[32mINSERT INTO "ar_internal_metadata" ("key", "value", "created_at", "updated_at") VALUES ('schema_sha1', '4f49534c9720f50c41f6f9db18a5d64950cc1c3e', '2025-06-12 09:56:43.640592', '2025-06-12 09:56:43.640596') RETURNING "key" /*application='ResearchProject'*/[0m
  [1m[35m (0.8ms)[0m  [1m[34mSELECT pg_try_advisory_lock(3310884833980964520) /*application='ResearchProject'*/[0m
  [1m[36mActiveRecord::SchemaMigration Load (0.6ms)[0m  [1m[34mSELECT "schema_migrations"."version" FROM "schema_migrations" ORDER BY "schema_migrations"."version" ASC /*application='ResearchProject'*/[0m
  [1m[36mActiveRecord::InternalMetadata Load (0.6ms)[0m  [1m[34mSELECT * FROM "ar_internal_metadata" WHERE "ar_internal_metadata"."key" = 'environment' ORDER BY "ar_internal_metadata"."key" ASC LIMIT 1 /*application='ResearchProject'*/[0m
  [1m[35m (0.8ms)[0m  [1m[34mSELECT pg_advisory_unlock(3310884833980964520) /*application='ResearchProject'*/[0m
  [1m[36mActiveRecord::SchemaMigration Load (0.4ms)[0m  [1m[34mSELECT "schema_migrations"."version" FROM "schema_migrations" ORDER BY "schema_migrations"."version" ASC /*application='ResearchProject'*/[0m
  [1m[35m (0.3ms)[0m  [1m[34mSELECT pg_try_advisory_lock(3310884833980964520) /*application='ResearchProject'*/[0m
  [1m[36mActiveRecord::SchemaMigration Load (2.1ms)[0m  [1m[34mSELECT "schema_migrations"."version" FROM "schema_migrations" ORDER BY "schema_migrations"."version" ASC /*application='ResearchProject'*/[0m
  [1m[36mActiveRecord::InternalMetadata Load (1.9ms)[0m  [1m[34mSELECT * FROM "ar_internal_metadata" WHERE "ar_internal_metadata"."key" = 'environment' ORDER BY "ar_internal_metadata"."key" ASC LIMIT 1 /*application='ResearchProject'*/[0m
Migrating to AddRoleToUsers (20250612095658)
  [1m[36mTRANSACTION (0.2ms)[0m  [1m[35mBEGIN /*application='ResearchProject'*/[0m
  [1m[35m (6.3ms)[0m  [1m[35mALTER TABLE "users" ADD "role" integer /*application='ResearchProject'*/[0m
  [1m[36mTRANSACTION (0.7ms)[0m  [1m[31mROLLBACK /*application='ResearchProject'*/[0m
  [1m[35m (0.8ms)[0m  [1m[34mSELECT pg_advisory_unlock(3310884833980964520) /*application='ResearchProject'*/[0m
  [1m[35mSQL (0.2ms)[0m  [1m[35mSET search_path TO public /*application='ResearchProject'*/[0m
  [1m[35m (425.9ms)[0m  [1m[35mCREATE DATABASE "research_project_development" ENCODING = 'unicode' /*application='ResearchProject'*/[0m
  [1m[35mSQL (0.1ms)[0m  [1m[35mSET search_path TO public /*application='ResearchProject'*/[0m
  [1m[35m (411.4ms)[0m  [1m[35mCREATE DATABASE "research_project_test" ENCODING = 'unicode' /*application='ResearchProject'*/[0m
  [1m[35mSQL (0.4ms)[0m  [1m[35mCREATE EXTENSION IF NOT EXISTS "plpgsql" SCHEMA pg_catalog /*application='ResearchProject'*/[0m
  [1m[35m (0.3ms)[0m  [1m[35mDROP TABLE IF EXISTS "users" CASCADE /*application='ResearchProject'*/[0m
  [1m[35m (18.2ms)[0m  [1m[35mCREATE TABLE "users" ("id" bigserial primary key, "email" character varying DEFAULT '' NOT NULL, "encrypted_password" character varying DEFAULT '' NOT NULL, "reset_password_token" character varying, "reset_password_sent_at" timestamp(6), "remember_created_at" timestamp(6), "created_at" timestamp(6) NOT NULL, "updated_at" timestamp(6) NOT NULL) /*application='ResearchProject'*/[0m
  [1m[35m (2.9ms)[0m  [1m[35mCREATE UNIQUE INDEX "index_users_on_email" ON "users" ("email") /*application='ResearchProject'*/[0m
  [1m[35m (2.7ms)[0m  [1m[35mCREATE UNIQUE INDEX "index_users_on_reset_password_token" ON "users" ("reset_password_token") /*application='ResearchProject'*/[0m
  [1m[35m (6.5ms)[0m  [1m[35mCREATE TABLE "schema_migrations" ("version" character varying NOT NULL PRIMARY KEY) /*application='ResearchProject'*/[0m
  [1m[36mActiveRecord::SchemaMigration Load (1.3ms)[0m  [1m[34mSELECT "schema_migrations"."version" FROM "schema_migrations" ORDER BY "schema_migrations"."version" ASC /*application='ResearchProject'*/[0m
  [1m[35m (1.3ms)[0m  [1m[32mINSERT INTO "schema_migrations" (version) VALUES (20250612092913) /*application='ResearchProject'*/[0m
  [1m[35m (0.6ms)[0m  [1m[32mINSERT INTO "schema_migrations" (version) VALUES
(20250612070429); /*application='ResearchProject'*/[0m
  [1m[35m (5.3ms)[0m  [1m[35mCREATE TABLE "ar_internal_metadata" ("key" character varying NOT NULL PRIMARY KEY, "value" character varying, "created_at" timestamp(6) NOT NULL, "updated_at" timestamp(6) NOT NULL) /*application='ResearchProject'*/[0m
  [1m[36mActiveRecord::InternalMetadata Load (2.1ms)[0m  [1m[34mSELECT * FROM "ar_internal_metadata" WHERE "ar_internal_metadata"."key" = 'environment' ORDER BY "ar_internal_metadata"."key" ASC LIMIT 1 /*application='ResearchProject'*/[0m
  [1m[36mActiveRecord::InternalMetadata Create (1.4ms)[0m  [1m[32mINSERT INTO "ar_internal_metadata" ("key", "value", "created_at", "updated_at") VALUES ('environment', 'development', '2025-06-12 09:58:33.802792', '2025-06-12 09:58:33.802796') RETURNING "key" /*application='ResearchProject'*/[0m
  [1m[36mActiveRecord::InternalMetadata Load (0.4ms)[0m  [1m[34mSELECT * FROM "ar_internal_metadata" WHERE "ar_internal_metadata"."key" = 'environment' ORDER BY "ar_internal_metadata"."key" ASC LIMIT 1 /*application='ResearchProject'*/[0m
  [1m[36mActiveRecord::InternalMetadata Load (0.4ms)[0m  [1m[34mSELECT * FROM "ar_internal_metadata" WHERE "ar_internal_metadata"."key" = 'schema_sha1' ORDER BY "ar_internal_metadata"."key" ASC LIMIT 1 /*application='ResearchProject'*/[0m
  [1m[36mActiveRecord::InternalMetadata Create (0.6ms)[0m  [1m[32mINSERT INTO "ar_internal_metadata" ("key", "value", "created_at", "updated_at") VALUES ('schema_sha1', '177d932e17f077de123d153611d5195c41d1d8f5', '2025-06-12 09:58:33.810377', '2025-06-12 09:58:33.810380') RETURNING "key" /*application='ResearchProject'*/[0m
  [1m[35m (0.3ms)[0m  [1m[34mSELECT pg_try_advisory_lock(3310884833980964520) /*application='ResearchProject'*/[0m
  [1m[36mActiveRecord::SchemaMigration Load (0.5ms)[0m  [1m[34mSELECT "schema_migrations"."version" FROM "schema_migrations" ORDER BY "schema_migrations"."version" ASC /*application='ResearchProject'*/[0m
  [1m[36mActiveRecord::InternalMetadata Load (0.4ms)[0m  [1m[34mSELECT * FROM "ar_internal_metadata" WHERE "ar_internal_metadata"."key" = 'environment' ORDER BY "ar_internal_metadata"."key" ASC LIMIT 1 /*application='ResearchProject'*/[0m
Migrating to AddRoleToUsers (20250612095658)
  [1m[36mTRANSACTION (0.2ms)[0m  [1m[35mBEGIN /*application='ResearchProject'*/[0m
  [1m[35m (3.1ms)[0m  [1m[35mALTER TABLE "users" ADD "role" integer /*application='ResearchProject'*/[0m
  [1m[36mActiveRecord::SchemaMigration Create (0.4ms)[0m  [1m[32mINSERT INTO "schema_migrations" ("version") VALUES ('20250612095658') RETURNING "version" /*application='ResearchProject'*/[0m
  [1m[36mTRANSACTION (0.5ms)[0m  [1m[35mCOMMIT /*application='ResearchProject'*/[0m
  [1m[35m (0.4ms)[0m  [1m[34mSELECT pg_advisory_unlock(3310884833980964520) /*application='ResearchProject'*/[0m
  [1m[36mActiveRecord::SchemaMigration Load (0.9ms)[0m  [1m[34mSELECT "schema_migrations"."version" FROM "schema_migrations" ORDER BY "schema_migrations"."version" ASC /*application='ResearchProject'*/[0m
  [1m[36mActiveRecord::SchemaMigration Load (1.8ms)[0m  [1m[34mSELECT "schema_migrations"."version" FROM "schema_migrations" ORDER BY "schema_migrations"."version" ASC /*application='ResearchProject'*/[0m
  [1m[36mActiveRecord::InternalMetadata Load (2.3ms)[0m  [1m[34mSELECT * FROM "ar_internal_metadata" WHERE "ar_internal_metadata"."key" = 'environment' ORDER BY "ar_internal_metadata"."key" ASC LIMIT 1 /*application='ResearchProject'*/[0m
  [1m[36mActiveRecord::SchemaMigration Load (0.3ms)[0m  [1m[34mSELECT "schema_migrations"."version" FROM "schema_migrations" ORDER BY "schema_migrations"."version" ASC /*application='ResearchProject'*/[0m
  [1m[36mActiveRecord::InternalMetadata Load (0.5ms)[0m  [1m[34mSELECT * FROM "ar_internal_metadata" WHERE "ar_internal_metadata"."key" = 'environment' ORDER BY "ar_internal_metadata"."key" ASC LIMIT 1 /*application='ResearchProject'*/[0m
  [1m[36mActiveRecord::SchemaMigration Load (0.3ms)[0m  [1m[34mSELECT "schema_migrations"."version" FROM "schema_migrations" ORDER BY "schema_migrations"."version" ASC /*application='ResearchProject'*/[0m
  [1m[36mActiveRecord::InternalMetadata Load (0.5ms)[0m  [1m[34mSELECT * FROM "ar_internal_metadata" WHERE "ar_internal_metadata"."key" = 'environment' ORDER BY "ar_internal_metadata"."key" ASC LIMIT 1 /*application='ResearchProject'*/[0m
  [1m[35mSQL (0.2ms)[0m  [1m[35mSET search_path TO public /*application='ResearchProject'*/[0m
  [1m[35m (459.6ms)[0m  [1m[35mDROP DATABASE IF EXISTS "research_project_development" /*application='ResearchProject'*/[0m
  [1m[35mSQL (0.1ms)[0m  [1m[35mSET search_path TO public /*application='ResearchProject'*/[0m
  [1m[35m (136.2ms)[0m  [1m[35mDROP DATABASE IF EXISTS "research_project_test" /*application='ResearchProject'*/[0m
  [1m[35mSQL (0.1ms)[0m  [1m[35mSET search_path TO public /*application='ResearchProject'*/[0m
  [1m[35m (385.3ms)[0m  [1m[35mCREATE DATABASE "research_project_development" ENCODING = 'unicode' /*application='ResearchProject'*/[0m
  [1m[35mSQL (0.1ms)[0m  [1m[35mSET search_path TO public /*application='ResearchProject'*/[0m
  [1m[35m (397.6ms)[0m  [1m[35mCREATE DATABASE "research_project_test" ENCODING = 'unicode' /*application='ResearchProject'*/[0m
  [1m[35mSQL (0.5ms)[0m  [1m[35mCREATE EXTENSION IF NOT EXISTS "plpgsql" SCHEMA pg_catalog /*application='ResearchProject'*/[0m
  [1m[35m (0.3ms)[0m  [1m[35mDROP TABLE IF EXISTS "users" CASCADE /*application='ResearchProject'*/[0m
  [1m[35m (23.5ms)[0m  [1m[35mCREATE TABLE "users" ("id" bigserial primary key, "email" character varying DEFAULT '' NOT NULL, "encrypted_password" character varying DEFAULT '' NOT NULL, "reset_password_token" character varying, "reset_password_sent_at" timestamp(6), "remember_created_at" timestamp(6), "created_at" timestamp(6) NOT NULL, "updated_at" timestamp(6) NOT NULL) /*application='ResearchProject'*/[0m
  [1m[35m (3.5ms)[0m  [1m[35mCREATE UNIQUE INDEX "index_users_on_email" ON "users" ("email") /*application='ResearchProject'*/[0m
  [1m[35m (3.0ms)[0m  [1m[35mCREATE UNIQUE INDEX "index_users_on_reset_password_token" ON "users" ("reset_password_token") /*application='ResearchProject'*/[0m
  [1m[35m (8.2ms)[0m  [1m[35mCREATE TABLE "schema_migrations" ("version" character varying NOT NULL PRIMARY KEY) /*application='ResearchProject'*/[0m
  [1m[36mActiveRecord::SchemaMigration Load (1.2ms)[0m  [1m[34mSELECT "schema_migrations"."version" FROM "schema_migrations" ORDER BY "schema_migrations"."version" ASC /*application='ResearchProject'*/[0m
  [1m[35m (1.1ms)[0m  [1m[32mINSERT INTO "schema_migrations" (version) VALUES (20250612095658) /*application='ResearchProject'*/[0m
  [1m[35m (0.8ms)[0m  [1m[32mINSERT INTO "schema_migrations" (version) VALUES
(20250612070429); /*application='ResearchProject'*/[0m
  [1m[35m (6.4ms)[0m  [1m[35mCREATE TABLE "ar_internal_metadata" ("key" character varying NOT NULL PRIMARY KEY, "value" character varying, "created_at" timestamp(6) NOT NULL, "updated_at" timestamp(6) NOT NULL) /*application='ResearchProject'*/[0m
  [1m[36mActiveRecord::InternalMetadata Load (1.6ms)[0m  [1m[34mSELECT * FROM "ar_internal_metadata" WHERE "ar_internal_metadata"."key" = 'environment' ORDER BY "ar_internal_metadata"."key" ASC LIMIT 1 /*application='ResearchProject'*/[0m
  [1m[36mActiveRecord::InternalMetadata Create (1.4ms)[0m  [1m[32mINSERT INTO "ar_internal_metadata" ("key", "value", "created_at", "updated_at") VALUES ('environment', 'development', '2025-06-12 09:59:26.981002', '2025-06-12 09:59:26.981006') RETURNING "key" /*application='ResearchProject'*/[0m
  [1m[36mActiveRecord::InternalMetadata Load (0.4ms)[0m  [1m[34mSELECT * FROM "ar_internal_metadata" WHERE "ar_internal_metadata"."key" = 'environment' ORDER BY "ar_internal_metadata"."key" ASC LIMIT 1 /*application='ResearchProject'*/[0m
  [1m[36mActiveRecord::InternalMetadata Load (0.7ms)[0m  [1m[34mSELECT * FROM "ar_internal_metadata" WHERE "ar_internal_metadata"."key" = 'schema_sha1' ORDER BY "ar_internal_metadata"."key" ASC LIMIT 1 /*application='ResearchProject'*/[0m
  [1m[36mActiveRecord::InternalMetadata Create (0.6ms)[0m  [1m[32mINSERT INTO "ar_internal_metadata" ("key", "value", "created_at", "updated_at") VALUES ('schema_sha1', '075642dfc5b179126f8fd23cd8b5345ded2f4df2', '2025-06-12 09:59:26.990961', '2025-06-12 09:59:26.990964') RETURNING "key" /*application='ResearchProject'*/[0m
  [1m[35m (0.2ms)[0m  [1m[34mSELECT pg_try_advisory_lock(3310884833980964520) /*application='ResearchProject'*/[0m
  [1m[36mActiveRecord::SchemaMigration Load (0.7ms)[0m  [1m[34mSELECT "schema_migrations"."version" FROM "schema_migrations" ORDER BY "schema_migrations"."version" ASC /*application='ResearchProject'*/[0m
  [1m[36mActiveRecord::InternalMetadata Load (0.5ms)[0m  [1m[34mSELECT * FROM "ar_internal_metadata" WHERE "ar_internal_metadata"."key" = 'environment' ORDER BY "ar_internal_metadata"."key" ASC LIMIT 1 /*application='ResearchProject'*/[0m
  [1m[35m (0.4ms)[0m  [1m[34mSELECT pg_advisory_unlock(3310884833980964520) /*application='ResearchProject'*/[0m
  [1m[36mActiveRecord::SchemaMigration Load (0.4ms)[0m  [1m[34mSELECT "schema_migrations"."version" FROM "schema_migrations" ORDER BY "schema_migrations"."version" ASC /*application='ResearchProject'*/[0m
  [1m[35m (0.2ms)[0m  [1m[34mSELECT pg_try_advisory_lock(3310884833980964520) /*application='ResearchProject'*/[0m
  [1m[36mActiveRecord::SchemaMigration Load (1.8ms)[0m  [1m[34mSELECT "schema_migrations"."version" FROM "schema_migrations" ORDER BY "schema_migrations"."version" ASC /*application='ResearchProject'*/[0m
  [1m[36mActiveRecord::InternalMetadata Load (2.3ms)[0m  [1m[34mSELECT * FROM "ar_internal_metadata" WHERE "ar_internal_metadata"."key" = 'environment' ORDER BY "ar_internal_metadata"."key" ASC LIMIT 1 /*application='ResearchProject'*/[0m
  [1m[35m (0.4ms)[0m  [1m[34mSELECT pg_advisory_unlock(3310884833980964520) /*application='ResearchProject'*/[0m
  [1m[36mActiveRecord::SchemaMigration Load (0.3ms)[0m  [1m[34mSELECT "schema_migrations"."version" FROM "schema_migrations" ORDER BY "schema_migrations"."version" ASC /*application='ResearchProject'*/[0m
  [1m[35m (0.3ms)[0m  [1m[34mSELECT pg_try_advisory_lock(3310884833980964520) /*application='ResearchProject'*/[0m
  [1m[36mActiveRecord::SchemaMigration Load (2.1ms)[0m  [1m[34mSELECT "schema_migrations"."version" FROM "schema_migrations" ORDER BY "schema_migrations"."version" ASC /*application='ResearchProject'*/[0m
  [1m[36mActiveRecord::InternalMetadata Load (2.6ms)[0m  [1m[34mSELECT * FROM "ar_internal_metadata" WHERE "ar_internal_metadata"."key" = 'environment' ORDER BY "ar_internal_metadata"."key" ASC LIMIT 1 /*application='ResearchProject'*/[0m
Migrating to AddRoleToUsers (20250612100034)
  [1m[36mTRANSACTION (0.3ms)[0m  [1m[35mBEGIN /*application='ResearchProject'*/[0m
  [1m[35m (4.4ms)[0m  [1m[35mALTER TABLE "users" ADD "role" integer DEFAULT 0 NOT NULL /*application='ResearchProject'*/[0m
  [1m[36mActiveRecord::SchemaMigration Create (0.6ms)[0m  [1m[32mINSERT INTO "schema_migrations" ("version") VALUES ('20250612100034') RETURNING "version" /*application='ResearchProject'*/[0m
  [1m[36mTRANSACTION (1.5ms)[0m  [1m[35mCOMMIT /*application='ResearchProject'*/[0m
  [1m[35m (0.5ms)[0m  [1m[34mSELECT pg_advisory_unlock(3310884833980964520) /*application='ResearchProject'*/[0m
  [1m[36mActiveRecord::SchemaMigration Load (0.4ms)[0m  [1m[34mSELECT "schema_migrations"."version" FROM "schema_migrations" ORDER BY "schema_migrations"."version" ASC /*application='ResearchProject'*/[0m
Started POST "/users/login" for 127.0.0.1 at 2025-06-12 17:09:28 +0700
  [1m[36mActiveRecord::SchemaMigration Load (3.7ms)[0m  [1m[34mSELECT "schema_migrations"."version" FROM "schema_migrations" ORDER BY "schema_migrations"."version" ASC /*application='ResearchProject'*/[0m
Processing by Users::SessionsController#create as JSON
  Parameters: {"user"=>{"email"=>"[FILTERED]", "password"=>"[FILTERED]", "password_confirmation"=>"[FILTERED]", "role"=>3}, "session"=>{"user"=>{"email"=>"[FILTERED]", "password"=>"[FILTERED]", "password_confirmation"=>"[FILTERED]", "role"=>3}}}
  [1m[36mUser Load (4.4ms)[0m  [1m[34mSELECT "users".* FROM "users" WHERE "users"."id" = 1 ORDER BY "users"."id" ASC LIMIT 1 /*action='create',application='ResearchProject',controller='sessions'*/[0m
  [1m[36mUser Load (0.9ms)[0m  [1m[34mSELECT "users".* FROM "users" WHERE "users"."email" = 'john@example.com' ORDER BY "users"."id" ASC LIMIT 1 /*action='create',application='ResearchProject',controller='sessions'*/[0m
Completed 401 Unauthorized in 269ms (ActiveRecord: 120.8ms (2 queries, 0 cached) | GC: 0.0ms)


Started POST "/users/signup" for 127.0.0.1 at 2025-06-12 17:10:45 +0700
Processing by Users::RegistrationsController#create as JSON
  Parameters: {"user"=>{"email"=>"[FILTERED]", "password"=>"[FILTERED]", "password_confirmation"=>"[FILTERED]", "role"=>3}, "registration"=>{"user"=>{"email"=>"[FILTERED]", "password"=>"[FILTERED]", "password_confirmation"=>"[FILTERED]", "role"=>3}}}
  [1m[36mTRANSACTION (0.3ms)[0m  [1m[35mBEGIN /*action='create',application='ResearchProject',controller='registrations'*/[0m
  [1m[36mUser Exists? (3.6ms)[0m  [1m[34mSELECT 1 AS one FROM "users" WHERE "users"."email" = 'john@example.com' LIMIT 1 /*action='create',application='ResearchProject',controller='registrations'*/[0m
  [1m[36mUser Create (5.3ms)[0m  [1m[32mINSERT INTO "users" ("email", "encrypted_password", "reset_password_token", "reset_password_sent_at", "remember_created_at", "created_at", "updated_at", "role") VALUES ('john@example.com', '$2a$12$VTCjRffEEx/zv7taaZdDGuZ9ZaNa3zQHvJZcGoi5pGWtAvleGh.Si', NULL, NULL, NULL, '2025-06-12 10:10:45.644928', '2025-06-12 10:10:45.644928', 3) RETURNING "id" /*action='create',application='ResearchProject',controller='registrations'*/[0m
  [1m[36mTRANSACTION (1.2ms)[0m  [1m[35mCOMMIT /*action='create',application='ResearchProject',controller='registrations'*/[0m
Completed 200 OK in 257ms (Views: 0.9ms | ActiveRecord: 10.3ms (2 queries, 0 cached) | GC: 0.2ms)


Started POST "/users/login" for 127.0.0.1 at 2025-06-12 17:11:08 +0700
Processing by Users::SessionsController#create as JSON
  Parameters: {"user"=>{"email"=>"[FILTERED]", "password"=>"[FILTERED]"}, "session"=>{"user"=>{"email"=>"[FILTERED]", "password"=>"[FILTERED]"}}}
  [1m[36mUser Load (0.6ms)[0m  [1m[34mSELECT "users".* FROM "users" WHERE "users"."id" = 1 ORDER BY "users"."id" ASC LIMIT 1 /*action='create',application='ResearchProject',controller='sessions'*/[0m
Completed 200 OK in 12ms (Views: 1.2ms | ActiveRecord: 0.6ms (1 query, 0 cached) | GC: 0.0ms)


Started POST "/users/login" for 127.0.0.1 at 2025-06-12 17:14:52 +0700
  [1m[36mActiveRecord::SchemaMigration Load (2.2ms)[0m  [1m[34mSELECT "schema_migrations"."version" FROM "schema_migrations" ORDER BY "schema_migrations"."version" ASC /*application='ResearchProject'*/[0m
Processing by Users::SessionsController#create as JSON
  Parameters: {"user"=>{"email"=>"[FILTERED]", "password"=>"[FILTERED]"}, "session"=>{"user"=>{"email"=>"[FILTERED]", "password"=>"[FILTERED]"}}}
  [1m[36mUser Load (2.8ms)[0m  [1m[34mSELECT "users".* FROM "users" WHERE "users"."id" = 1 ORDER BY "users"."id" ASC LIMIT 1 /*action='create',application='ResearchProject',controller='sessions'*/[0m
Completed 200 OK in 158ms (Views: 1.3ms | ActiveRecord: 118.2ms (1 query, 0 cached) | GC: 0.0ms)


Started POST "/users/login" for 127.0.0.1 at 2025-06-12 17:14:55 +0700
Processing by Users::SessionsController#create as JSON
  Parameters: {"user"=>{"email"=>"[FILTERED]", "password"=>"[FILTERED]"}, "session"=>{"user"=>{"email"=>"[FILTERED]", "password"=>"[FILTERED]"}}}
  [1m[36mUser Load (0.7ms)[0m  [1m[34mSELECT "users".* FROM "users" WHERE "users"."id" = 1 ORDER BY "users"."id" ASC LIMIT 1 /*action='create',application='ResearchProject',controller='sessions'*/[0m
Completed 200 OK in 7ms (Views: 0.4ms | ActiveRecord: 0.7ms (1 query, 0 cached) | GC: 0.0ms)


Started POST "/users/login" for 127.0.0.1 at 2025-06-12 17:15:59 +0700
  [1m[36mActiveRecord::SchemaMigration Load (2.6ms)[0m  [1m[34mSELECT "schema_migrations"."version" FROM "schema_migrations" ORDER BY "schema_migrations"."version" ASC /*application='ResearchProject'*/[0m
Processing by Users::SessionsController#create as JSON
  Parameters: {"user"=>{"email"=>"[FILTERED]", "password"=>"[FILTERED]"}, "session"=>{"user"=>{"email"=>"[FILTERED]", "password"=>"[FILTERED]"}}}
  [1m[36mUser Load (2.6ms)[0m  [1m[34mSELECT "users".* FROM "users" WHERE "users"."id" = 1 ORDER BY "users"."id" ASC LIMIT 1 /*action='create',application='ResearchProject',controller='sessions'*/[0m
Completed 200 OK in 260ms (Views: 1.1ms | ActiveRecord: 225.8ms (1 query, 0 cached) | GC: 0.0ms)


Started POST "/users/login" for 127.0.0.1 at 2025-06-12 17:20:01 +0700
  [1m[36mActiveRecord::SchemaMigration Load (3.1ms)[0m  [1m[34mSELECT "schema_migrations"."version" FROM "schema_migrations" ORDER BY "schema_migrations"."version" ASC /*application='ResearchProject'*/[0m
Processing by Users::SessionsController#create as JSON
  Parameters: {"user"=>{"email"=>"[FILTERED]", "password"=>"[FILTERED]"}, "session"=>{"user"=>{"email"=>"[FILTERED]", "password"=>"[FILTERED]"}}}
  [1m[36mUser Load (4.2ms)[0m  [1m[34mSELECT "users".* FROM "users" WHERE "users"."id" = 1 ORDER BY "users"."id" ASC LIMIT 1 /*action='create',application='ResearchProject',controller='sessions'*/[0m
Completed 200 OK in 202ms (Views: 1.3ms | ActiveRecord: 160.0ms (1 query, 0 cached) | GC: 0.0ms)


Started POST "/users/login" for 127.0.0.1 at 2025-06-12 17:28:45 +0700
  [1m[36mActiveRecord::SchemaMigration Load (2.0ms)[0m  [1m[34mSELECT "schema_migrations"."version" FROM "schema_migrations" ORDER BY "schema_migrations"."version" ASC /*application='ResearchProject'*/[0m
  
Zeitwerk::NameError (expected file D:/Profile/Git/research-project-system/backend/research_project/app/controllers/users/sessions_controller.rb to define constant Users::SessionsController, but didn't):
  
zeitwerk (2.7.3) lib/zeitwerk/loader/callbacks.rb:31:in `on_file_autoloaded'
zeitwerk (2.7.3) lib/zeitwerk/core_ext/kernel.rb:27:in `require'
activesupport (8.0.2) lib/active_support/inflector/methods.rb:290:in `const_get'
activesupport (8.0.2) lib/active_support/inflector/methods.rb:290:in `constantize'
activesupport (8.0.2) lib/active_support/core_ext/string/inflections.rb:74:in `constantize'
actionpack (8.0.2) lib/action_dispatch/http/request.rb:99:in `controller_class_for'
actionpack (8.0.2) lib/action_dispatch/request/utils.rb:108:in `action_encoding_template'
actionpack (8.0.2) lib/action_dispatch/request/utils.rb:102:in `encode'
actionpack (8.0.2) lib/action_dispatch/request/utils.rb:47:in `set_binary_encoding'
actionpack (8.0.2) lib/action_dispatch/http/parameters.rb:70:in `path_parameters='
actionpack (8.0.2) lib/action_dispatch/journey/router.rb:50:in `block in serve'
actionpack (8.0.2) lib/action_dispatch/journey/router.rb:133:in `block in find_routes'
actionpack (8.0.2) lib/action_dispatch/journey/router.rb:126:in `each'
actionpack (8.0.2) lib/action_dispatch/journey/router.rb:126:in `find_routes'
actionpack (8.0.2) lib/action_dispatch/journey/router.rb:34:in `serve'
actionpack (8.0.2) lib/action_dispatch/routing/route_set.rb:908:in `call'
railties (8.0.2) lib/rails/engine/lazy_route_set.rb:68:in `call'
warden-jwt_auth (0.11.0) lib/warden/jwt_auth/middleware/token_dispatcher.rb:20:in `call'
warden-jwt_auth (0.11.0) lib/warden/jwt_auth/middleware/revocation_manager.rb:21:in `call'
rack (3.1.16) lib/rack/builder.rb:277:in `call'
warden-jwt_auth (0.11.0) lib/warden/jwt_auth/middleware.rb:22:in `call'
warden (1.2.9) lib/warden/manager.rb:36:in `block in call'
warden (1.2.9) lib/warden/manager.rb:34:in `catch'
warden (1.2.9) lib/warden/manager.rb:34:in `call'
rack (3.1.16) lib/rack/tempfile_reaper.rb:20:in `call'
rack (3.1.16) lib/rack/etag.rb:29:in `call'
rack (3.1.16) lib/rack/conditional_get.rb:43:in `call'
rack (3.1.16) lib/rack/head.rb:15:in `call'
actionpack (8.0.2) lib/action_dispatch/http/permissions_policy.rb:38:in `call'
actionpack (8.0.2) lib/action_dispatch/http/content_security_policy.rb:38:in `call'
rack-session (2.1.1) lib/rack/session/abstract/id.rb:274:in `context'
rack-session (2.1.1) lib/rack/session/abstract/id.rb:268:in `call'
actionpack (8.0.2) lib/action_dispatch/middleware/cookies.rb:706:in `call'
activerecord (8.0.2) lib/active_record/migration.rb:671:in `call'
actionpack (8.0.2) lib/action_dispatch/middleware/callbacks.rb:31:in `block in call'
activesupport (8.0.2) lib/active_support/callbacks.rb:100:in `run_callbacks'
actionpack (8.0.2) lib/action_dispatch/middleware/callbacks.rb:30:in `call'
actionpack (8.0.2) lib/action_dispatch/middleware/executor.rb:16:in `call'
actionpack (8.0.2) lib/action_dispatch/middleware/actionable_exceptions.rb:18:in `call'
actionpack (8.0.2) lib/action_dispatch/middleware/debug_exceptions.rb:31:in `call'
web-console (4.2.1) lib/web_console/middleware.rb:132:in `call_app'
web-console (4.2.1) lib/web_console/middleware.rb:28:in `block in call'
web-console (4.2.1) lib/web_console/middleware.rb:17:in `catch'
web-console (4.2.1) lib/web_console/middleware.rb:17:in `call'
actionpack (8.0.2) lib/action_dispatch/middleware/show_exceptions.rb:32:in `call'
railties (8.0.2) lib/rails/rack/logger.rb:41:in `call_app'
railties (8.0.2) lib/rails/rack/logger.rb:29:in `call'
actionpack (8.0.2) lib/action_dispatch/middleware/remote_ip.rb:96:in `call'
actionpack (8.0.2) lib/action_dispatch/middleware/request_id.rb:34:in `call'
rack (3.1.16) lib/rack/method_override.rb:28:in `call'
rack (3.1.16) lib/rack/runtime.rb:24:in `call'
actionpack (8.0.2) lib/action_dispatch/middleware/server_timing.rb:61:in `block in call'
actionpack (8.0.2) lib/action_dispatch/middleware/server_timing.rb:26:in `collect_events'
actionpack (8.0.2) lib/action_dispatch/middleware/server_timing.rb:60:in `call'
actionpack (8.0.2) lib/action_dispatch/middleware/executor.rb:16:in `call'
actionpack (8.0.2) lib/action_dispatch/middleware/static.rb:27:in `call'
rack (3.1.16) lib/rack/sendfile.rb:114:in `call'
actionpack (8.0.2) lib/action_dispatch/middleware/host_authorization.rb:143:in `call'
railties (8.0.2) lib/rails/engine.rb:535:in `call'
puma (6.6.0) lib/puma/configuration.rb:279:in `call'
puma (6.6.0) lib/puma/request.rb:99:in `block in handle_request'
puma (6.6.0) lib/puma/thread_pool.rb:390:in `with_force_shutdown'
puma (6.6.0) lib/puma/request.rb:98:in `handle_request'
puma (6.6.0) lib/puma/server.rb:472:in `process_client'
puma (6.6.0) lib/puma/server.rb:254:in `block in run'
puma (6.6.0) lib/puma/thread_pool.rb:167:in `block in spawn_thread'
Started POST "/users/login" for 127.0.0.1 at 2025-06-12 17:29:48 +0700
  [1m[36mActiveRecord::SchemaMigration Load (1.9ms)[0m  [1m[34mSELECT "schema_migrations"."version" FROM "schema_migrations" ORDER BY "schema_migrations"."version" ASC /*application='ResearchProject'*/[0m
  
NameError (uninitialized constant ApplicationController):
  
app/controllers/users/sessions_controller.rb:1:in `<main>'
Started POST "/users/login" for 127.0.0.1 at 2025-06-12 17:31:23 +0700
  [1m[36mActiveRecord::SchemaMigration Load (2.5ms)[0m  [1m[34mSELECT "schema_migrations"."version" FROM "schema_migrations" ORDER BY "schema_migrations"."version" ASC /*application='ResearchProject'*/[0m
  
NameError (uninitialized constant ApplicationController):
  
app/controllers/users/sessions_controller.rb:1:in `<main>'
Started POST "/users/login" for 127.0.0.1 at 2025-06-12 17:33:34 +0700
  [1m[36mActiveRecord::SchemaMigration Load (3.3ms)[0m  [1m[34mSELECT "schema_migrations"."version" FROM "schema_migrations" ORDER BY "schema_migrations"."version" ASC /*application='ResearchProject'*/[0m
  
NameError (uninitialized constant ApplicationController):
  
app/controllers/users/sessions_controller.rb:1:in `<main>'
Started POST "/users/login" for 127.0.0.1 at 2025-06-12 17:34:48 +0700
  [1m[36mActiveRecord::SchemaMigration Load (2.0ms)[0m  [1m[34mSELECT "schema_migrations"."version" FROM "schema_migrations" ORDER BY "schema_migrations"."version" ASC /*application='ResearchProject'*/[0m
  
NameError (uninitialized constant ApplicationController):
  
app/controllers/users/sessions_controller.rb:3:in `<main>'
Started POST "/users/login" for 127.0.0.1 at 2025-06-12 17:35:55 +0700
  
ActiveRecord::DuplicateMigrationNameError (

Multiple migrations have the name AddRoleToUsers.

):
  
activerecord (8.0.2) lib/active_record/migration.rb:1559:in `validate'
activerecord (8.0.2) lib/active_record/migration.rb:1429:in `initialize'
activerecord (8.0.2) lib/active_record/migration.rb:1279:in `new'
activerecord (8.0.2) lib/active_record/migration.rb:1279:in `open'
activerecord (8.0.2) lib/active_record/migration.rb:763:in `block (2 levels) in pending_migrations'
activerecord (8.0.2) lib/active_record/migration/pending_migration_connection.rb:8:in `with_temporary_pool'
activerecord (8.0.2) lib/active_record/migration.rb:762:in `block in pending_migrations'
activerecord (8.0.2) lib/active_record/migration.rb:761:in `each'
activerecord (8.0.2) lib/active_record/migration.rb:761:in `pending_migrations'
activerecord (8.0.2) lib/active_record/migration.rb:740:in `check_pending_migrations'
activerecord (8.0.2) lib/active_record/migration.rb:660:in `block (2 levels) in call'
activesupport (8.0.2) lib/active_support/file_update_checker.rb:85:in `execute'
activerecord (8.0.2) lib/active_record/migration.rb:665:in `block in call'
activerecord (8.0.2) lib/active_record/migration.rb:657:in `synchronize'
activerecord (8.0.2) lib/active_record/migration.rb:657:in `call'
actionpack (8.0.2) lib/action_dispatch/middleware/callbacks.rb:31:in `block in call'
activesupport (8.0.2) lib/active_support/callbacks.rb:100:in `run_callbacks'
actionpack (8.0.2) lib/action_dispatch/middleware/callbacks.rb:30:in `call'
actionpack (8.0.2) lib/action_dispatch/middleware/executor.rb:16:in `call'
actionpack (8.0.2) lib/action_dispatch/middleware/actionable_exceptions.rb:18:in `call'
actionpack (8.0.2) lib/action_dispatch/middleware/debug_exceptions.rb:31:in `call'
web-console (4.2.1) lib/web_console/middleware.rb:132:in `call_app'
web-console (4.2.1) lib/web_console/middleware.rb:28:in `block in call'
web-console (4.2.1) lib/web_console/middleware.rb:17:in `catch'
web-console (4.2.1) lib/web_console/middleware.rb:17:in `call'
actionpack (8.0.2) lib/action_dispatch/middleware/show_exceptions.rb:32:in `call'
railties (8.0.2) lib/rails/rack/logger.rb:41:in `call_app'
railties (8.0.2) lib/rails/rack/logger.rb:29:in `call'
actionpack (8.0.2) lib/action_dispatch/middleware/remote_ip.rb:96:in `call'
actionpack (8.0.2) lib/action_dispatch/middleware/request_id.rb:34:in `call'
rack (3.1.16) lib/rack/method_override.rb:28:in `call'
rack (3.1.16) lib/rack/runtime.rb:24:in `call'
actionpack (8.0.2) lib/action_dispatch/middleware/server_timing.rb:61:in `block in call'
actionpack (8.0.2) lib/action_dispatch/middleware/server_timing.rb:26:in `collect_events'
actionpack (8.0.2) lib/action_dispatch/middleware/server_timing.rb:60:in `call'
actionpack (8.0.2) lib/action_dispatch/middleware/executor.rb:16:in `call'
actionpack (8.0.2) lib/action_dispatch/middleware/static.rb:27:in `call'
rack (3.1.16) lib/rack/sendfile.rb:114:in `call'
actionpack (8.0.2) lib/action_dispatch/middleware/host_authorization.rb:143:in `call'
railties (8.0.2) lib/rails/engine.rb:535:in `call'
puma (6.6.0) lib/puma/configuration.rb:279:in `call'
puma (6.6.0) lib/puma/request.rb:99:in `block in handle_request'
puma (6.6.0) lib/puma/thread_pool.rb:390:in `with_force_shutdown'
puma (6.6.0) lib/puma/request.rb:98:in `handle_request'
puma (6.6.0) lib/puma/server.rb:472:in `process_client'
puma (6.6.0) lib/puma/server.rb:254:in `block in run'
puma (6.6.0) lib/puma/thread_pool.rb:167:in `block in spawn_thread'
Started POST "/users/login" for 127.0.0.1 at 2025-06-12 17:36:35 +0700
  [1m[36mActiveRecord::SchemaMigration Load (1.9ms)[0m  [1m[34mSELECT "schema_migrations"."version" FROM "schema_migrations" ORDER BY "schema_migrations"."version" ASC /*application='ResearchProject'*/[0m
  
NameError (uninitialized constant ApplicationController):
  
app/controllers/users/sessions_controller.rb:3:in `<main>'
Started POST "/users/login" for 127.0.0.1 at 2025-06-12 17:37:09 +0700
  [1m[36mActiveRecord::SchemaMigration Load (1.9ms)[0m  [1m[34mSELECT "schema_migrations"."version" FROM "schema_migrations" ORDER BY "schema_migrations"."version" ASC /*application='ResearchProject'*/[0m
  
NameError (uninitialized constant ApplicationController):
  
app/controllers/users/sessions_controller.rb:3:in `<main>'
Started POST "/users/signup" for 127.0.0.1 at 2025-06-12 17:37:17 +0700
  
NameError (uninitialized constant ApplicationController):
  
app/controllers/users/registrations_controller.rb:3:in `<main>'
  [1m[35mSQL (0.2ms)[0m  [1m[35mSET search_path TO public /*application='ResearchProject'*/[0m
  [1m[35m (638.5ms)[0m  [1m[35mCREATE DATABASE "research_project_development" ENCODING = 'unicode' /*application='ResearchProject'*/[0m
  [1m[35mSQL (0.1ms)[0m  [1m[35mSET search_path TO public /*application='ResearchProject'*/[0m
  [1m[35m (452.8ms)[0m  [1m[35mCREATE DATABASE "research_project_test" ENCODING = 'unicode' /*application='ResearchProject'*/[0m
  [1m[35mSQL (2.1ms)[0m  [1m[35mCREATE EXTENSION IF NOT EXISTS "plpgsql" SCHEMA pg_catalog /*application='ResearchProject'*/[0m
  [1m[35m (0.6ms)[0m  [1m[35mDROP TABLE IF EXISTS "users" CASCADE /*application='ResearchProject'*/[0m
  [1m[35m (26.0ms)[0m  [1m[35mCREATE TABLE "users" ("id" bigserial primary key, "email" character varying DEFAULT '' NOT NULL, "encrypted_password" character varying DEFAULT '' NOT NULL, "reset_password_token" character varying, "reset_password_sent_at" timestamp(6), "remember_created_at" timestamp(6), "created_at" timestamp(6) NOT NULL, "updated_at" timestamp(6) NOT NULL) /*application='ResearchProject'*/[0m
  [1m[35m (4.3ms)[0m  [1m[35mCREATE UNIQUE INDEX "index_users_on_email" ON "users" ("email") /*application='ResearchProject'*/[0m
  [1m[35m (2.7ms)[0m  [1m[35mCREATE UNIQUE INDEX "index_users_on_reset_password_token" ON "users" ("reset_password_token") /*application='ResearchProject'*/[0m
  [1m[35m (8.1ms)[0m  [1m[35mCREATE TABLE "schema_migrations" ("version" character varying NOT NULL PRIMARY KEY) /*application='ResearchProject'*/[0m
  [1m[36mActiveRecord::SchemaMigration Load (1.2ms)[0m  [1m[34mSELECT "schema_migrations"."version" FROM "schema_migrations" ORDER BY "schema_migrations"."version" ASC /*application='ResearchProject'*/[0m
  [1m[35m (1.4ms)[0m  [1m[32mINSERT INTO "schema_migrations" (version) VALUES (20250612092913) /*application='ResearchProject'*/[0m
  [1m[35m (1.0ms)[0m  [1m[32mINSERT INTO "schema_migrations" (version) VALUES
(20250612070429); /*application='ResearchProject'*/[0m
  [1m[35m (6.7ms)[0m  [1m[35mCREATE TABLE "ar_internal_metadata" ("key" character varying NOT NULL PRIMARY KEY, "value" character varying, "created_at" timestamp(6) NOT NULL, "updated_at" timestamp(6) NOT NULL) /*application='ResearchProject'*/[0m
  [1m[36mActiveRecord::InternalMetadata Load (1.9ms)[0m  [1m[34mSELECT * FROM "ar_internal_metadata" WHERE "ar_internal_metadata"."key" = 'environment' ORDER BY "ar_internal_metadata"."key" ASC LIMIT 1 /*application='ResearchProject'*/[0m
  [1m[36mActiveRecord::InternalMetadata Create (1.3ms)[0m  [1m[32mINSERT INTO "ar_internal_metadata" ("key", "value", "created_at", "updated_at") VALUES ('environment', 'development', '2025-06-12 10:39:54.120615', '2025-06-12 10:39:54.120618') RETURNING "key" /*application='ResearchProject'*/[0m
  [1m[36mActiveRecord::InternalMetadata Load (0.2ms)[0m  [1m[34mSELECT * FROM "ar_internal_metadata" WHERE "ar_internal_metadata"."key" = 'environment' ORDER BY "ar_internal_metadata"."key" ASC LIMIT 1 /*application='ResearchProject'*/[0m
  [1m[36mActiveRecord::InternalMetadata Load (0.4ms)[0m  [1m[34mSELECT * FROM "ar_internal_metadata" WHERE "ar_internal_metadata"."key" = 'schema_sha1' ORDER BY "ar_internal_metadata"."key" ASC LIMIT 1 /*application='ResearchProject'*/[0m
  [1m[36mActiveRecord::InternalMetadata Create (0.5ms)[0m  [1m[32mINSERT INTO "ar_internal_metadata" ("key", "value", "created_at", "updated_at") VALUES ('schema_sha1', '177d932e17f077de123d153611d5195c41d1d8f5', '2025-06-12 10:39:54.129295', '2025-06-12 10:39:54.129298') RETURNING "key" /*application='ResearchProject'*/[0m
  [1m[35m (0.5ms)[0m  [1m[34mSELECT pg_try_advisory_lock(3310884833980964520) /*application='ResearchProject'*/[0m
  [1m[36mActiveRecord::SchemaMigration Load (0.4ms)[0m  [1m[34mSELECT "schema_migrations"."version" FROM "schema_migrations" ORDER BY "schema_migrations"."version" ASC /*application='ResearchProject'*/[0m
  [1m[36mActiveRecord::InternalMetadata Load (0.4ms)[0m  [1m[34mSELECT * FROM "ar_internal_metadata" WHERE "ar_internal_metadata"."key" = 'environment' ORDER BY "ar_internal_metadata"."key" ASC LIMIT 1 /*application='ResearchProject'*/[0m
Migrating to AddRoleToUsers (20250612100034)
  [1m[36mTRANSACTION (0.3ms)[0m  [1m[35mBEGIN /*application='ResearchProject'*/[0m
  [1m[35m (2.0ms)[0m  [1m[35mALTER TABLE "users" ADD "role" integer DEFAULT 0 NOT NULL /*application='ResearchProject'*/[0m
  [1m[36mActiveRecord::SchemaMigration Create (0.4ms)[0m  [1m[32mINSERT INTO "schema_migrations" ("version") VALUES ('20250612100034') RETURNING "version" /*application='ResearchProject'*/[0m
  [1m[36mTRANSACTION (0.7ms)[0m  [1m[35mCOMMIT /*application='ResearchProject'*/[0m
  [1m[35m (0.5ms)[0m  [1m[34mSELECT pg_advisory_unlock(3310884833980964520) /*application='ResearchProject'*/[0m
  [1m[36mActiveRecord::SchemaMigration Load (0.3ms)[0m  [1m[34mSELECT "schema_migrations"."version" FROM "schema_migrations" ORDER BY "schema_migrations"."version" ASC /*application='ResearchProject'*/[0m
Started POST "/users/signup" for 127.0.0.1 at 2025-06-12 17:40:49 +0700
  [1m[36mActiveRecord::SchemaMigration Load (2.4ms)[0m  [1m[34mSELECT "schema_migrations"."version" FROM "schema_migrations" ORDER BY "schema_migrations"."version" ASC /*application='ResearchProject'*/[0m
Processing by Users::RegistrationsController#create as JSON
  Parameters: {"user"=>{"email"=>"[FILTERED]", "password"=>"[FILTERED]", "password_confirmation"=>"[FILTERED]", "role"=>3}, "registration"=>{"user"=>{"email"=>"[FILTERED]", "password"=>"[FILTERED]", "password_confirmation"=>"[FILTERED]", "role"=>3}}}
[31mUnpermitted parameter: :role. Context: { controller: Users::RegistrationsController, action: create, request: #<ActionDispatch::Request:0x0000028eb4fb7760>, params: {"user"=>{"email"=>"[FILTERED]", "password"=>"[FILTERED]", "password_confirmation"=>"[FILTERED]", "role"=>3}, "controller"=>"users/registrations", "action"=>"create", "registration"=>{"user"=>{"email"=>"[FILTERED]", "password"=>"[FILTERED]", "password_confirmation"=>"[FILTERED]", "role"=>3}}} }[0m
  [1m[36mTRANSACTION (0.3ms)[0m  [1m[35mBEGIN /*action='create',application='ResearchProject',controller='registrations'*/[0m
  [1m[36mUser Exists? (6.5ms)[0m  [1m[34mSELECT 1 AS one FROM "users" WHERE "users"."email" = 'johasdn@example.com' LIMIT 1 /*action='create',application='ResearchProject',controller='registrations'*/[0m
  [1m[36mUser Create (1.6ms)[0m  [1m[32mINSERT INTO "users" ("email", "encrypted_password", "reset_password_token", "reset_password_sent_at", "remember_created_at", "created_at", "updated_at", "role") VALUES ('johasdn@example.com', '$2a$12$deIxRizPAAXAVlZSSFVdz.JwFrcIydODFI.9Dkz/8CkOIixleMmzO', NULL, NULL, NULL, '2025-06-12 10:40:50.743994', '2025-06-12 10:40:50.743994', 0) RETURNING "id" /*action='create',application='ResearchProject',controller='registrations'*/[0m
  [1m[36mTRANSACTION (1.4ms)[0m  [1m[35mCOMMIT /*action='create',application='ResearchProject',controller='registrations'*/[0m
  [1m[36mUser Load (1.1ms)[0m  [1m[34mSELECT "users".* FROM "users" WHERE "users"."id" = 1 ORDER BY "users"."id" ASC LIMIT 1 /*action='create',application='ResearchProject',controller='registrations'*/[0m
Completed 200 OK in 422ms (Views: 0.8ms | ActiveRecord: 38.6ms (3 queries, 0 cached) | GC: 0.0ms)


Started POST "/users/login" for 127.0.0.1 at 2025-06-12 17:41:22 +0700
Processing by Users::SessionsController#create as JSON
  Parameters: {"user"=>{"email"=>"[FILTERED]", "password"=>"[FILTERED]"}, "session"=>{"user"=>{"email"=>"[FILTERED]", "password"=>"[FILTERED]"}}}
  [1m[36mUser Load (0.5ms)[0m  [1m[34mSELECT "users".* FROM "users" WHERE "users"."id" = 1 ORDER BY "users"."id" ASC LIMIT 1 /*action='create',application='ResearchProject',controller='sessions'*/[0m
Completed 200 OK in 32ms (Views: 1.0ms | ActiveRecord: 4.0ms (1 query, 0 cached) | GC: 0.0ms)


Started POST "/users/login" for 127.0.0.1 at 2025-06-12 17:42:03 +0700
  [1m[36mActiveRecord::SchemaMigration Load (1.8ms)[0m  [1m[34mSELECT "schema_migrations"."version" FROM "schema_migrations" ORDER BY "schema_migrations"."version" ASC /*application='ResearchProject'*/[0m
Processing by Users::SessionsController#create as JSON
  Parameters: {"user"=>{"email"=>"[FILTERED]", "password"=>"[FILTERED]"}, "session"=>{"user"=>{"email"=>"[FILTERED]", "password"=>"[FILTERED]"}}}
  [1m[36mUser Load (4.0ms)[0m  [1m[34mSELECT "users".* FROM "users" WHERE "users"."id" = 1 ORDER BY "users"."id" ASC LIMIT 1 /*action='create',application='ResearchProject',controller='sessions'*/[0m
Completed 200 OK in 166ms (Views: 0.7ms | ActiveRecord: 133.7ms (1 query, 0 cached) | GC: 0.0ms)


Started POST "/users/login" for 127.0.0.1 at 2025-06-12 17:43:10 +0700
Processing by Users::SessionsController#create as JSON
  Parameters: {"user"=>{"email"=>"[FILTERED]", "password"=>"[FILTERED]"}, "session"=>{"user"=>{"email"=>"[FILTERED]", "password"=>"[FILTERED]"}}}
  [1m[36mUser Load (0.6ms)[0m  [1m[34mSELECT "users".* FROM "users" WHERE "users"."id" = 1 ORDER BY "users"."id" ASC LIMIT 1 /*action='create',application='ResearchProject',controller='sessions'*/[0m
Completed 200 OK in 11ms (Views: 0.7ms | ActiveRecord: 0.6ms (1 query, 0 cached) | GC: 0.0ms)


Started POST "/users/login" for 127.0.0.1 at 2025-06-12 17:43:13 +0700
Processing by Users::SessionsController#create as JSON
  Parameters: {"user"=>{"email"=>"[FILTERED]", "password"=>"[FILTERED]"}, "session"=>{"user"=>{"email"=>"[FILTERED]", "password"=>"[FILTERED]"}}}
  [1m[36mUser Load (0.5ms)[0m  [1m[34mSELECT "users".* FROM "users" WHERE "users"."id" = 1 ORDER BY "users"."id" ASC LIMIT 1 /*action='create',application='ResearchProject',controller='sessions'*/[0m
Completed 200 OK in 24ms (Views: 0.6ms | ActiveRecord: 0.5ms (1 query, 0 cached) | GC: 0.0ms)


Started POST "/users/login" for 127.0.0.1 at 2025-06-12 17:43:17 +0700
Processing by Users::SessionsController#create as JSON
  Parameters: {"user"=>{"email"=>"[FILTERED]", "password"=>"[FILTERED]"}, "session"=>{"user"=>{"email"=>"[FILTERED]", "password"=>"[FILTERED]"}}}
  [1m[36mUser Load (0.5ms)[0m  [1m[34mSELECT "users".* FROM "users" WHERE "users"."id" = 1 ORDER BY "users"."id" ASC LIMIT 1 /*action='create',application='ResearchProject',controller='sessions'*/[0m
Completed 200 OK in 9ms (Views: 1.2ms | ActiveRecord: 0.5ms (1 query, 0 cached) | GC: 0.0ms)


Started POST "/users/login" for 127.0.0.1 at 2025-06-12 17:43:18 +0700
Processing by Users::SessionsController#create as JSON
  Parameters: {"user"=>{"email"=>"[FILTERED]", "password"=>"[FILTERED]"}, "session"=>{"user"=>{"email"=>"[FILTERED]", "password"=>"[FILTERED]"}}}
  [1m[36mUser Load (0.6ms)[0m  [1m[34mSELECT "users".* FROM "users" WHERE "users"."id" = 1 ORDER BY "users"."id" ASC LIMIT 1 /*action='create',application='ResearchProject',controller='sessions'*/[0m
Completed 200 OK in 12ms (Views: 0.6ms | ActiveRecord: 0.6ms (1 query, 0 cached) | GC: 0.0ms)


Started POST "/users/login" for 127.0.0.1 at 2025-06-12 17:43:19 +0700
Processing by Users::SessionsController#create as JSON
  Parameters: {"user"=>{"email"=>"[FILTERED]", "password"=>"[FILTERED]"}, "session"=>{"user"=>{"email"=>"[FILTERED]", "password"=>"[FILTERED]"}}}
  [1m[36mUser Load (0.5ms)[0m  [1m[34mSELECT "users".* FROM "users" WHERE "users"."id" = 1 ORDER BY "users"."id" ASC LIMIT 1 /*action='create',application='ResearchProject',controller='sessions'*/[0m
Completed 200 OK in 5ms (Views: 0.3ms | ActiveRecord: 0.5ms (1 query, 0 cached) | GC: 0.0ms)


Started POST "/users/login" for 127.0.0.1 at 2025-06-12 17:45:53 +0700
  [1m[36mActiveRecord::SchemaMigration Load (2.0ms)[0m  [1m[34mSELECT "schema_migrations"."version" FROM "schema_migrations" ORDER BY "schema_migrations"."version" ASC /*application='ResearchProject'*/[0m
Processing by Users::SessionsController#create as JSON
  Parameters: {"user"=>{"email"=>"[FILTERED]", "password"=>"[FILTERED]"}, "session"=>{"user"=>{"email"=>"[FILTERED]", "password"=>"[FILTERED]"}}}
  [1m[36mUser Load (4.4ms)[0m  [1m[34mSELECT "users".* FROM "users" WHERE "users"."email" = 'johasdn@example.com' LIMIT 1 /*action='create',application='ResearchProject',controller='sessions'*/[0m
  ↳ app/controllers/users/sessions_controller.rb:6:in `create'
Completed 401 Unauthorized in 340ms (Views: 0.3ms | ActiveRecord: 33.0ms (1 query, 0 cached) | GC: 0.0ms)


Started POST "/users/login" for 127.0.0.1 at 2025-06-12 17:45:58 +0700
Processing by Users::SessionsController#create as JSON
  Parameters: {"user"=>{"email"=>"[FILTERED]", "password"=>"[FILTERED]"}, "session"=>{"user"=>{"email"=>"[FILTERED]", "password"=>"[FILTERED]"}}}
  [1m[36mUser Load (0.7ms)[0m  [1m[34mSELECT "users".* FROM "users" WHERE "users"."email" = 'john@example.com' LIMIT 1 /*action='create',application='ResearchProject',controller='sessions'*/[0m
  ↳ app/controllers/users/sessions_controller.rb:6:in `create'
Completed 401 Unauthorized in 3ms (Views: 0.1ms | ActiveRecord: 0.6ms (1 query, 0 cached) | GC: 0.0ms)


Started POST "/users/login" for 127.0.0.1 at 2025-06-12 17:46:00 +0700
Processing by Users::SessionsController#create as JSON
  Parameters: {"user"=>{"email"=>"[FILTERED]", "password"=>"[FILTERED]"}, "session"=>{"user"=>{"email"=>"[FILTERED]", "password"=>"[FILTERED]"}}}
  [1m[36mUser Load (0.6ms)[0m  [1m[34mSELECT "users".* FROM "users" WHERE "users"."email" = 'john@example.com' LIMIT 1 /*action='create',application='ResearchProject',controller='sessions'*/[0m
  ↳ app/controllers/users/sessions_controller.rb:6:in `create'
Completed 401 Unauthorized in 3ms (Views: 0.2ms | ActiveRecord: 0.5ms (1 query, 0 cached) | GC: 0.0ms)


Started POST "/users/signup" for 127.0.0.1 at 2025-06-12 17:46:13 +0700
Processing by Users::RegistrationsController#create as JSON
  Parameters: {"user"=>{"email"=>"[FILTERED]", "password"=>"[FILTERED]", "password_confirmation"=>"[FILTERED]", "role"=>3}, "registration"=>{"user"=>{"email"=>"[FILTERED]", "password"=>"[FILTERED]", "password_confirmation"=>"[FILTERED]", "role"=>3}}}
  [1m[36mTRANSACTION (0.3ms)[0m  [1m[35mBEGIN /*action='create',application='ResearchProject',controller='registrations'*/[0m
  [1m[36mUser Exists? (4.6ms)[0m  [1m[34mSELECT 1 AS one FROM "users" WHERE "users"."email" = 'johasdn@example.com' LIMIT 1 /*action='create',application='ResearchProject',controller='registrations'*/[0m
  [1m[36mTRANSACTION (1.2ms)[0m  [1m[31mROLLBACK /*action='create',application='ResearchProject',controller='registrations'*/[0m
Completed 422 Unprocessable Content in 227ms (Views: 0.2ms | ActiveRecord: 6.0ms (1 query, 0 cached) | GC: 0.0ms)


Started POST "/users/login" for 127.0.0.1 at 2025-06-12 17:46:30 +0700
Processing by Users::SessionsController#create as JSON
  Parameters: {"user"=>{"email"=>"[FILTERED]", "password"=>"[FILTERED]"}, "session"=>{"user"=>{"email"=>"[FILTERED]", "password"=>"[FILTERED]"}}}
  [1m[36mUser Load (3.3ms)[0m  [1m[34mSELECT "users".* FROM "users" WHERE "users"."email" = 'johasdn@example.com' LIMIT 1 /*action='create',application='ResearchProject',controller='sessions'*/[0m
  ↳ app/controllers/users/sessions_controller.rb:6:in `create'
Completed 200 OK in 322ms (Views: 1.1ms | ActiveRecord: 3.2ms (1 query, 0 cached) | GC: 0.0ms)


Started POST "/users/signup" for 127.0.0.1 at 2025-06-12 17:47:08 +0700
Processing by Users::RegistrationsController#create as JSON
  Parameters: {"user"=>{"email"=>"[FILTERED]", "password"=>"[FILTERED]", "password_confirmation"=>"[FILTERED]", "role"=>3}, "registration"=>{"user"=>{"email"=>"[FILTERED]", "password"=>"[FILTERED]", "password_confirmation"=>"[FILTERED]", "role"=>3}}}
  [1m[36mTRANSACTION (0.5ms)[0m  [1m[35mBEGIN /*action='create',application='ResearchProject',controller='registrations'*/[0m
  [1m[36mUser Exists? (4.8ms)[0m  [1m[34mSELECT 1 AS one FROM "users" WHERE "users"."email" = 'joha@example.com' LIMIT 1 /*action='create',application='ResearchProject',controller='registrations'*/[0m
  [1m[36mUser Create (5.2ms)[0m  [1m[32mINSERT INTO "users" ("email", "encrypted_password", "reset_password_token", "reset_password_sent_at", "remember_created_at", "created_at", "updated_at", "role") VALUES ('joha@example.com', '$2a$12$oCfV7g9sENq7IOHlh0PKGukVMDnId62TKDSWHOSyCUL0i7WXltYTu', NULL, NULL, NULL, '2025-06-12 10:47:08.636677', '2025-06-12 10:47:08.636677', 3) RETURNING "id" /*action='create',application='ResearchProject',controller='registrations'*/[0m
  [1m[36mTRANSACTION (1.3ms)[0m  [1m[35mCOMMIT /*action='create',application='ResearchProject',controller='registrations'*/[0m
  [1m[36mUser Load (0.7ms)[0m  [1m[34mSELECT "users".* FROM "users" WHERE "users"."id" = 1 ORDER BY "users"."id" ASC LIMIT 1 /*action='create',application='ResearchProject',controller='registrations'*/[0m
Completed 200 OK in 382ms (Views: 0.5ms | ActiveRecord: 12.4ms (3 queries, 0 cached) | GC: 0.2ms)


